<?xml version="1.0" encoding="UTF-8"?>
<testsuite name="com.infotech.app.SpringBootBatchTaskletApplicationTests" time="0.034" tests="1" errors="1" skipped="0" failures="0">
  <properties>
[...]
</properties>
  <testcase name="initializationError" classname="com.infotech.app.SpringBootBatchTaskletApplicationTests" time="0.034">
    <error message="Unable to find a @SpringBootConfiguration, you need to use @ContextConfiguration or @SpringBootTest(classes=...) with your test" type="java.lang.IllegalStateException"><![CDATA[java.lang.IllegalStateException: Unable to find a @SpringBootConfiguration, you need to use @ContextConfiguration or @SpringBootTest(classes=...) with your test
	at org.springframework.util.Assert.state(Assert.java:70)
	at org.springframework.boot.test.context.SpringBootTestContextBootstrapper.getOrFindConfigurationClasses(SpringBootTestContextBootstrapper.java:202)
	at org.springframework.boot.test.context.SpringBootTestContextBootstrapper.processMergedContextConfiguration(SpringBootTestContextBootstrapper.java:137)
	at org.springframework.test.context.support.AbstractTestContextBootstrapper.buildMergedContextConfiguration(AbstractTestContextBootstrapper.java:409)
	at org.springframework.test.context.support.AbstractTestContextBootstrapper.buildDefaultMergedContextConfiguration(AbstractTestContextBootstrapper.java:323)
	at org.springframework.test.context.support.AbstractTestContextBootstrapper.buildMergedContextConfiguration(AbstractTestContextBootstrapper.java:277)
	at org.springframework.test.context.support.AbstractTestContextBootstrapper.buildTestContext(AbstractTestContextBootstrapper.java:112)
	at org.springframework.boot.test.context.SpringBootTestContextBootstrapper.buildTestContext(SpringBootTestContextBootstrapper.java:82)
	at org.springframework.test.context.TestContextManager.<init>(TestContextManager.java:120)
	at org.springframework.test.context.TestContextManager.<init>(TestContextManager.java:105)
	at org.springframework.test.context.junit4.SpringJUnit4ClassRunner.createTestContextManager(SpringJUnit4ClassRunner.java:152)
	at org.springframework.test.context.junit4.SpringJUnit4ClassRunner.<init>(SpringJUnit4ClassRunner.java:143)
	at org.springframework.test.context.junit4.SpringRunner.<init>(SpringRunner.java:49)
	at sun.reflect.NativeConstructorAccessorImpl.newInstance0(Native Method)
	at sun.reflect.NativeConstructorAccessorImpl.newInstance(NativeConstructorAccessorImpl.java:62)
	at sun.reflect.DelegatingConstructorAccessorImpl.newInstance(DelegatingConstructorAccessorImpl.java:45)
	at java.lang.reflect.Constructor.newInstance(Constructor.java:408)
	at org.junit.internal.builders.AnnotatedBuilder.buildRunner(AnnotatedBuilder.java:104)
	at org.junit.internal.builders.AnnotatedBuilder.runnerForClass(AnnotatedBuilder.java:86)
	at org.junit.runners.model.RunnerBuilder.safeRunnerForClass(RunnerBuilder.java:59)
	at org.junit.internal.builders.AllDefaultPossibilitiesBuilder.runnerForClass(AllDefaultPossibilitiesBuilder.java:26)
	at org.junit.runners.model.RunnerBuilder.safeRunnerForClass(RunnerBuilder.java:59)
	at org.junit.internal.requests.ClassRequest.getRunner(ClassRequest.java:33)
	at org.apache.maven.surefire.junit4.JUnit4Provider.execute(JUnit4Provider.java:283)
	at org.apache.maven.surefire.junit4.JUnit4Provider.executeWithRerun(JUnit4Provider.java:173)
	at org.apache.maven.surefire.junit4.JUnit4Provider.executeTestSet(JUnit4Provider.java:153)
	at org.apache.maven.surefire.junit4.JUnit4Provider.invoke(JUnit4Provider.java:128)
	at org.apache.maven.surefire.booter.ForkedBooter.invokeProviderInSameClassLoader(ForkedBooter.java:203)
	at org.apache.maven.surefire.booter.ForkedBooter.runSuitesInProcess(ForkedBooter.java:155)
	at org.apache.maven.surefire.booter.ForkedBooter.main(ForkedBooter.java:103)
]]></error>
    <system-out><![CDATA[15:59:29.233 [main] DEBUG org.springframework.test.context.junit4.SpringJUnit4ClassRunner - SpringJUnit4ClassRunner constructor called with [class com.infotech.app.SpringBootBatchTaskletApplicationTests]
15:59:29.249 [main] DEBUG org.springframework.test.context.BootstrapUtils - Instantiating CacheAwareContextLoaderDelegate from class [org.springframework.test.context.cache.DefaultCacheAwareContextLoaderDelegate]
15:59:29.274 [main] DEBUG org.springframework.test.context.BootstrapUtils - Instantiating BootstrapContext using constructor [public org.springframework.test.context.support.DefaultBootstrapContext(java.lang.Class,org.springframework.test.context.CacheAwareContextLoaderDelegate)]
15:59:29.319 [main] DEBUG org.springframework.test.context.BootstrapUtils - Instantiating TestContextBootstrapper for test class [com.infotech.app.SpringBootBatchTaskletApplicationTests] from class [org.springframework.boot.test.context.SpringBootTestContextBootstrapper]
15:59:29.352 [main] INFO org.springframework.boot.test.context.SpringBootTestContextBootstrapper - Neither @ContextConfiguration nor @ContextHierarchy found for test class [com.infotech.app.SpringBootBatchTaskletApplicationTests], using SpringBootContextLoader
15:59:29.360 [main] DEBUG org.springframework.test.context.support.AbstractContextLoader - Did not detect default resource location for test class [com.infotech.app.SpringBootBatchTaskletApplicationTests]: class path resource [com/infotech/app/SpringBootBatchTaskletApplicationTests-context.xml] does not exist
15:59:29.361 [main] DEBUG org.springframework.test.context.support.AbstractContextLoader - Did not detect default resource location for test class [com.infotech.app.SpringBootBatchTaskletApplicationTests]: class path resource [com/infotech/app/SpringBootBatchTaskletApplicationTestsContext.groovy] does not exist
15:59:29.362 [main] INFO org.springframework.test.context.support.AbstractContextLoader - Could not detect default resource locations for test class [com.infotech.app.SpringBootBatchTaskletApplicationTests]: no resource found for suffixes {-context.xml, Context.groovy}.
15:59:29.363 [main] INFO org.springframework.test.context.support.AnnotationConfigContextLoaderUtils - Could not detect default configuration classes for test class [com.infotech.app.SpringBootBatchTaskletApplicationTests]: SpringBootBatchTaskletApplicationTests does not declare any static, non-private, non-final, nested classes annotated with @Configuration.
15:59:29.460 [main] DEBUG org.springframework.test.context.support.ActiveProfilesUtils - Could not find an 'annotation declaring class' for annotation type [org.springframework.test.context.ActiveProfiles] and class [com.infotech.app.SpringBootBatchTaskletApplicationTests]
15:59:29.483 [main] DEBUG org.springframework.core.env.StandardEnvironment - Adding [systemProperties] PropertySource with lowest search precedence
15:59:29.488 [main] DEBUG org.springframework.core.env.StandardEnvironment - Adding [systemEnvironment] PropertySource with lowest search precedence
15:59:29.488 [main] DEBUG org.springframework.core.env.StandardEnvironment - Initialized StandardEnvironment with PropertySources [systemProperties,systemEnvironment]
15:59:29.520 [main] DEBUG org.springframework.core.io.support.PathMatchingResourcePatternResolver - Resolved classpath location [com/infotech/app/] to resources [URL [file:/C:/Users/kskaruna/Downloads/SpringBootBatchTasklet-master/SpringBootBatchTasklet/target/test-classes/com/infotech/app/]]
15:59:29.522 [main] DEBUG org.springframework.core.io.support.PathMatchingResourcePatternResolver - Looking for matching resources in directory tree [C:\Users\kskaruna\Downloads\SpringBootBatchTasklet-master\SpringBootBatchTasklet\target\test-classes\com\infotech\app]
15:59:29.526 [main] DEBUG org.springframework.core.io.support.PathMatchingResourcePatternResolver - Searching directory [C:\Users\kskaruna\Downloads\SpringBootBatchTasklet-master\SpringBootBatchTasklet\target\test-classes\com\infotech\app] for files matching pattern [C:/Users/kskaruna/Downloads/SpringBootBatchTasklet-master/SpringBootBatchTasklet/target/test-classes/com/infotech/app/*.class]
15:59:29.536 [main] DEBUG org.springframework.core.io.support.PathMatchingResourcePatternResolver - Resolved location pattern [classpath*:com/infotech/app/*.class] to resources [file [C:\Users\kskaruna\Downloads\SpringBootBatchTasklet-master\SpringBootBatchTasklet\target\test-classes\com\infotech\app\SpringBootBatchTaskletApplicationTests.class]]
15:59:29.578 [main] DEBUG org.springframework.core.io.support.PathMatchingResourcePatternResolver - Resolved classpath location [com/infotech/] to resources [URL [file:/C:/Users/kskaruna/Downloads/SpringBootBatchTasklet-master/SpringBootBatchTasklet/target/test-classes/com/infotech/], URL [file:/C:/Users/kskaruna/Downloads/SpringBootBatchTasklet-master/SpringBootBatchTasklet/target/classes/com/infotech/]]
15:59:29.578 [main] DEBUG org.springframework.core.io.support.PathMatchingResourcePatternResolver - Looking for matching resources in directory tree [C:\Users\kskaruna\Downloads\SpringBootBatchTasklet-master\SpringBootBatchTasklet\target\test-classes\com\infotech]
15:59:29.579 [main] DEBUG org.springframework.core.io.support.PathMatchingResourcePatternResolver - Searching directory [C:\Users\kskaruna\Downloads\SpringBootBatchTasklet-master\SpringBootBatchTasklet\target\test-classes\com\infotech] for files matching pattern [C:/Users/kskaruna/Downloads/SpringBootBatchTasklet-master/SpringBootBatchTasklet/target/test-classes/com/infotech/*.class]
15:59:29.580 [main] DEBUG org.springframework.core.io.support.PathMatchingResourcePatternResolver - Looking for matching resources in directory tree [C:\Users\kskaruna\Downloads\SpringBootBatchTasklet-master\SpringBootBatchTasklet\target\classes\com\infotech]
15:59:29.581 [main] DEBUG org.springframework.core.io.support.PathMatchingResourcePatternResolver - Searching directory [C:\Users\kskaruna\Downloads\SpringBootBatchTasklet-master\SpringBootBatchTasklet\target\classes\com\infotech] for files matching pattern [C:/Users/kskaruna/Downloads/SpringBootBatchTasklet-master/SpringBootBatchTasklet/target/classes/com/infotech/*.class]
15:59:29.582 [main] DEBUG org.springframework.core.io.support.PathMatchingResourcePatternResolver - Resolved location pattern [classpath*:com/infotech/*.class] to resources []
15:59:29.584 [main] DEBUG org.springframework.core.io.support.PathMatchingResourcePatternResolver - Resolved classpath location [com/] to resources [URL [file:/C:/Users/kskaruna/Downloads/SpringBootBatchTasklet-master/SpringBootBatchTasklet/target/test-classes/com/], URL [file:/C:/Users/kskaruna/Downloads/SpringBootBatchTasklet-master/SpringBootBatchTasklet/target/classes/com/], URL [jar:file:/C:/Users/kskaruna/.m2/repository/com/ibm/jbatch/com.ibm.jbatch-tck-spi/1.0/com.ibm.jbatch-tck-spi-1.0.jar!/com/], URL [jar:file:/C:/Users/kskaruna/.m2/repository/com/fasterxml/classmate/1.3.3/classmate-1.3.3.jar!/com/], URL [jar:file:/C:/Users/kskaruna/.m2/repository/com/fasterxml/jackson/core/jackson-databind/2.8.9/jackson-databind-2.8.9.jar!/com/], URL [jar:file:/C:/Users/kskaruna/.m2/repository/com/fasterxml/jackson/core/jackson-annotations/2.8.0/jackson-annotations-2.8.0.jar!/com/], URL [jar:file:/C:/Users/kskaruna/.m2/repository/com/fasterxml/jackson/core/jackson-core/2.8.9/jackson-core-2.8.9.jar!/com/], URL [jar:file:/C:/Users/kskaruna/.m2/repository/com/thoughtworks/xstream/xstream/1.4.9/xstream-1.4.9.jar!/com/], URL [jar:file:/C:/Users/kskaruna/.m2/repository/com/jayway/jsonpath/json-path/2.2.0/json-path-2.2.0.jar!/com/]]
15:59:29.586 [main] DEBUG org.springframework.core.io.support.PathMatchingResourcePatternResolver - Looking for matching resources in directory tree [C:\Users\kskaruna\Downloads\SpringBootBatchTasklet-master\SpringBootBatchTasklet\target\test-classes\com]
15:59:29.588 [main] DEBUG org.springframework.core.io.support.PathMatchingResourcePatternResolver - Searching directory [C:\Users\kskaruna\Downloads\SpringBootBatchTasklet-master\SpringBootBatchTasklet\target\test-classes\com] for files matching pattern [C:/Users/kskaruna/Downloads/SpringBootBatchTasklet-master/SpringBootBatchTasklet/target/test-classes/com/*.class]
15:59:29.589 [main] DEBUG org.springframework.core.io.support.PathMatchingResourcePatternResolver - Looking for matching resources in directory tree [C:\Users\kskaruna\Downloads\SpringBootBatchTasklet-master\SpringBootBatchTasklet\target\classes\com]
15:59:29.590 [main] DEBUG org.springframework.core.io.support.PathMatchingResourcePatternResolver - Searching directory [C:\Users\kskaruna\Downloads\SpringBootBatchTasklet-master\SpringBootBatchTasklet\target\classes\com] for files matching pattern [C:/Users/kskaruna/Downloads/SpringBootBatchTasklet-master/SpringBootBatchTasklet/target/classes/com/*.class]
15:59:29.592 [main] DEBUG org.springframework.core.io.support.PathMatchingResourcePatternResolver - Looking for matching resources in jar file [file:/C:/Users/kskaruna/.m2/repository/com/ibm/jbatch/com.ibm.jbatch-tck-spi/1.0/com.ibm.jbatch-tck-spi-1.0.jar]
15:59:29.593 [main] DEBUG org.springframework.core.io.support.PathMatchingResourcePatternResolver - Looking for matching resources in jar file [file:/C:/Users/kskaruna/.m2/repository/com/fasterxml/classmate/1.3.3/classmate-1.3.3.jar]
15:59:29.601 [main] DEBUG org.springframework.core.io.support.PathMatchingResourcePatternResolver - Looking for matching resources in jar file [file:/C:/Users/kskaruna/.m2/repository/com/fasterxml/jackson/core/jackson-databind/2.8.9/jackson-databind-2.8.9.jar]
15:59:29.680 [main] DEBUG org.springframework.core.io.support.PathMatchingResourcePatternResolver - Looking for matching resources in jar file [file:/C:/Users/kskaruna/.m2/repository/com/fasterxml/jackson/core/jackson-annotations/2.8.0/jackson-annotations-2.8.0.jar]
15:59:29.684 [main] DEBUG org.springframework.core.io.support.PathMatchingResourcePatternResolver - Looking for matching resources in jar file [file:/C:/Users/kskaruna/.m2/repository/com/fasterxml/jackson/core/jackson-core/2.8.9/jackson-core-2.8.9.jar]
15:59:29.688 [main] DEBUG org.springframework.core.io.support.PathMatchingResourcePatternResolver - Looking for matching resources in jar file [file:/C:/Users/kskaruna/.m2/repository/com/thoughtworks/xstream/xstream/1.4.9/xstream-1.4.9.jar]
15:59:29.702 [main] DEBUG org.springframework.core.io.support.PathMatchingResourcePatternResolver - Looking for matching resources in jar file [file:/C:/Users/kskaruna/.m2/repository/com/jayway/jsonpath/json-path/2.2.0/json-path-2.2.0.jar]
15:59:29.706 [main] DEBUG org.springframework.core.io.support.PathMatchingResourcePatternResolver - Resolved location pattern [classpath*:com/*.class] to resources []
15:59:29.719 [main] DEBUG org.springframework.test.context.junit4.SpringJUnit4ClassRunner - SpringJUnit4ClassRunner constructor called with [class com.infotech.app.SpringBootBatchTaskletApplicationTests]
15:59:29.720 [main] DEBUG org.springframework.test.context.BootstrapUtils - Instantiating CacheAwareContextLoaderDelegate from class [org.springframework.test.context.cache.DefaultCacheAwareContextLoaderDelegate]
15:59:29.721 [main] DEBUG org.springframework.test.context.BootstrapUtils - Instantiating BootstrapContext using constructor [public org.springframework.test.context.support.DefaultBootstrapContext(java.lang.Class,org.springframework.test.context.CacheAwareContextLoaderDelegate)]
15:59:29.722 [main] DEBUG org.springframework.test.context.BootstrapUtils - Instantiating TestContextBootstrapper for test class [com.infotech.app.SpringBootBatchTaskletApplicationTests] from class [org.springframework.boot.test.context.SpringBootTestContextBootstrapper]
15:59:29.723 [main] INFO org.springframework.boot.test.context.SpringBootTestContextBootstrapper - Neither @ContextConfiguration nor @ContextHierarchy found for test class [com.infotech.app.SpringBootBatchTaskletApplicationTests], using SpringBootContextLoader
15:59:29.727 [main] DEBUG org.springframework.test.context.support.AbstractContextLoader - Did not detect default resource location for test class [com.infotech.app.SpringBootBatchTaskletApplicationTests]: class path resource [com/infotech/app/SpringBootBatchTaskletApplicationTests-context.xml] does not exist
15:59:29.728 [main] DEBUG org.springframework.test.context.support.AbstractContextLoader - Did not detect default resource location for test class [com.infotech.app.SpringBootBatchTaskletApplicationTests]: class path resource [com/infotech/app/SpringBootBatchTaskletApplicationTestsContext.groovy] does not exist
15:59:29.731 [main] INFO org.springframework.test.context.support.AbstractContextLoader - Could not detect default resource locations for test class [com.infotech.app.SpringBootBatchTaskletApplicationTests]: no resource found for suffixes {-context.xml, Context.groovy}.
15:59:29.732 [main] INFO org.springframework.test.context.support.AnnotationConfigContextLoaderUtils - Could not detect default configuration classes for test class [com.infotech.app.SpringBootBatchTaskletApplicationTests]: SpringBootBatchTaskletApplicationTests does not declare any static, non-private, non-final, nested classes annotated with @Configuration.
15:59:29.755 [main] DEBUG org.springframework.test.context.support.ActiveProfilesUtils - Could not find an 'annotation declaring class' for annotation type [org.springframework.test.context.ActiveProfiles] and class [com.infotech.app.SpringBootBatchTaskletApplicationTests]
15:59:29.756 [main] DEBUG org.springframework.core.env.StandardEnvironment - Adding [systemProperties] PropertySource with lowest search precedence
15:59:29.757 [main] DEBUG org.springframework.core.env.StandardEnvironment - Adding [systemEnvironment] PropertySource with lowest search precedence
15:59:29.757 [main] DEBUG org.springframework.core.env.StandardEnvironment - Initialized StandardEnvironment with PropertySources [systemProperties,systemEnvironment]
15:59:29.759 [main] DEBUG org.springframework.core.io.support.PathMatchingResourcePatternResolver - Resolved classpath location [com/infotech/app/] to resources [URL [file:/C:/Users/kskaruna/Downloads/SpringBootBatchTasklet-master/SpringBootBatchTasklet/target/test-classes/com/infotech/app/]]
15:59:29.761 [main] DEBUG org.springframework.core.io.support.PathMatchingResourcePatternResolver - Looking for matching resources in directory tree [C:\Users\kskaruna\Downloads\SpringBootBatchTasklet-master\SpringBootBatchTasklet\target\test-classes\com\infotech\app]
15:59:29.762 [main] DEBUG org.springframework.core.io.support.PathMatchingResourcePatternResolver - Searching directory [C:\Users\kskaruna\Downloads\SpringBootBatchTasklet-master\SpringBootBatchTasklet\target\test-classes\com\infotech\app] for files matching pattern [C:/Users/kskaruna/Downloads/SpringBootBatchTasklet-master/SpringBootBatchTasklet/target/test-classes/com/infotech/app/*.class]
15:59:29.766 [main] DEBUG org.springframework.core.io.support.PathMatchingResourcePatternResolver - Resolved location pattern [classpath*:com/infotech/app/*.class] to resources [file [C:\Users\kskaruna\Downloads\SpringBootBatchTasklet-master\SpringBootBatchTasklet\target\test-classes\com\infotech\app\SpringBootBatchTaskletApplicationTests.class]]
15:59:29.777 [main] DEBUG org.springframework.core.io.support.PathMatchingResourcePatternResolver - Resolved classpath location [com/infotech/] to resources [URL [file:/C:/Users/kskaruna/Downloads/SpringBootBatchTasklet-master/SpringBootBatchTasklet/target/test-classes/com/infotech/], URL [file:/C:/Users/kskaruna/Downloads/SpringBootBatchTasklet-master/SpringBootBatchTasklet/target/classes/com/infotech/]]
15:59:29.777 [main] DEBUG org.springframework.core.io.support.PathMatchingResourcePatternResolver - Looking for matching resources in directory tree [C:\Users\kskaruna\Downloads\SpringBootBatchTasklet-master\SpringBootBatchTasklet\target\test-classes\com\infotech]
15:59:29.778 [main] DEBUG org.springframework.core.io.support.PathMatchingResourcePatternResolver - Searching directory [C:\Users\kskaruna\Downloads\SpringBootBatchTasklet-master\SpringBootBatchTasklet\target\test-classes\com\infotech] for files matching pattern [C:/Users/kskaruna/Downloads/SpringBootBatchTasklet-master/SpringBootBatchTasklet/target/test-classes/com/infotech/*.class]
15:59:29.781 [main] DEBUG org.springframework.core.io.support.PathMatchingResourcePatternResolver - Looking for matching resources in directory tree [C:\Users\kskaruna\Downloads\SpringBootBatchTasklet-master\SpringBootBatchTasklet\target\classes\com\infotech]
15:59:29.782 [main] DEBUG org.springframework.core.io.support.PathMatchingResourcePatternResolver - Searching directory [C:\Users\kskaruna\Downloads\SpringBootBatchTasklet-master\SpringBootBatchTasklet\target\classes\com\infotech] for files matching pattern [C:/Users/kskaruna/Downloads/SpringBootBatchTasklet-master/SpringBootBatchTasklet/target/classes/com/infotech/*.class]
15:59:29.784 [main] DEBUG org.springframework.core.io.support.PathMatchingResourcePatternResolver - Resolved location pattern [classpath*:com/infotech/*.class] to resources []
15:59:29.786 [main] DEBUG org.springframework.core.io.support.PathMatchingResourcePatternResolver - Resolved classpath location [com/] to resources [URL [file:/C:/Users/kskaruna/Downloads/SpringBootBatchTasklet-master/SpringBootBatchTasklet/target/test-classes/com/], URL [file:/C:/Users/kskaruna/Downloads/SpringBootBatchTasklet-master/SpringBootBatchTasklet/target/classes/com/], URL [jar:file:/C:/Users/kskaruna/.m2/repository/com/ibm/jbatch/com.ibm.jbatch-tck-spi/1.0/com.ibm.jbatch-tck-spi-1.0.jar!/com/], URL [jar:file:/C:/Users/kskaruna/.m2/repository/com/fasterxml/classmate/1.3.3/classmate-1.3.3.jar!/com/], URL [jar:file:/C:/Users/kskaruna/.m2/repository/com/fasterxml/jackson/core/jackson-databind/2.8.9/jackson-databind-2.8.9.jar!/com/], URL [jar:file:/C:/Users/kskaruna/.m2/repository/com/fasterxml/jackson/core/jackson-annotations/2.8.0/jackson-annotations-2.8.0.jar!/com/], URL [jar:file:/C:/Users/kskaruna/.m2/repository/com/fasterxml/jackson/core/jackson-core/2.8.9/jackson-core-2.8.9.jar!/com/], URL [jar:file:/C:/Users/kskaruna/.m2/repository/com/thoughtworks/xstream/xstream/1.4.9/xstream-1.4.9.jar!/com/], URL [jar:file:/C:/Users/kskaruna/.m2/repository/com/jayway/jsonpath/json-path/2.2.0/json-path-2.2.0.jar!/com/]]
15:59:29.787 [main] DEBUG org.springframework.core.io.support.PathMatchingResourcePatternResolver - Looking for matching resources in directory tree [C:\Users\kskaruna\Downloads\SpringBootBatchTasklet-master\SpringBootBatchTasklet\target\test-classes\com]
15:59:29.788 [main] DEBUG org.springframework.core.io.support.PathMatchingResourcePatternResolver - Searching directory [C:\Users\kskaruna\Downloads\SpringBootBatchTasklet-master\SpringBootBatchTasklet\target\test-classes\com] for files matching pattern [C:/Users/kskaruna/Downloads/SpringBootBatchTasklet-master/SpringBootBatchTasklet/target/test-classes/com/*.class]
15:59:29.789 [main] DEBUG org.springframework.core.io.support.PathMatchingResourcePatternResolver - Looking for matching resources in directory tree [C:\Users\kskaruna\Downloads\SpringBootBatchTasklet-master\SpringBootBatchTasklet\target\classes\com]
15:59:29.790 [main] DEBUG org.springframework.core.io.support.PathMatchingResourcePatternResolver - Searching directory [C:\Users\kskaruna\Downloads\SpringBootBatchTasklet-master\SpringBootBatchTasklet\target\classes\com] for files matching pattern [C:/Users/kskaruna/Downloads/SpringBootBatchTasklet-master/SpringBootBatchTasklet/target/classes/com/*.class]
15:59:29.791 [main] DEBUG org.springframework.core.io.support.PathMatchingResourcePatternResolver - Looking for matching resources in jar file [file:/C:/Users/kskaruna/.m2/repository/com/ibm/jbatch/com.ibm.jbatch-tck-spi/1.0/com.ibm.jbatch-tck-spi-1.0.jar]
15:59:29.792 [main] DEBUG org.springframework.core.io.support.PathMatchingResourcePatternResolver - Looking for matching resources in jar file [file:/C:/Users/kskaruna/.m2/repository/com/fasterxml/classmate/1.3.3/classmate-1.3.3.jar]
15:59:29.795 [main] DEBUG org.springframework.core.io.support.PathMatchingResourcePatternResolver - Looking for matching resources in jar file [file:/C:/Users/kskaruna/.m2/repository/com/fasterxml/jackson/core/jackson-databind/2.8.9/jackson-databind-2.8.9.jar]
15:59:29.817 [main] DEBUG org.springframework.core.io.support.PathMatchingResourcePatternResolver - Looking for matching resources in jar file [file:/C:/Users/kskaruna/.m2/repository/com/fasterxml/jackson/core/jackson-annotations/2.8.0/jackson-annotations-2.8.0.jar]
15:59:29.818 [main] DEBUG org.springframework.core.io.support.PathMatchingResourcePatternResolver - Looking for matching resources in jar file [file:/C:/Users/kskaruna/.m2/repository/com/fasterxml/jackson/core/jackson-core/2.8.9/jackson-core-2.8.9.jar]
15:59:29.821 [main] DEBUG org.springframework.core.io.support.PathMatchingResourcePatternResolver - Looking for matching resources in jar file [file:/C:/Users/kskaruna/.m2/repository/com/thoughtworks/xstream/xstream/1.4.9/xstream-1.4.9.jar]
15:59:29.858 [main] DEBUG org.springframework.core.io.support.PathMatchingResourcePatternResolver - Looking for matching resources in jar file [file:/C:/Users/kskaruna/.m2/repository/com/jayway/jsonpath/json-path/2.2.0/json-path-2.2.0.jar]
15:59:29.861 [main] DEBUG org.springframework.core.io.support.PathMatchingResourcePatternResolver - Resolved location pattern [classpath*:com/*.class] to resources []
]]></system-out>
  </testcase>
</testsuite>